C51 COMPILER V9.00   USART                                                                 04/11/2019 10:41:50 PAGE 1   


C51 COMPILER V9.00, COMPILATION OF MODULE USART
OBJECT MODULE PLACED IN ..\obj\usart.obj
COMPILER INVOKED BY: C:\Keil\C51\BIN\C51.EXE ..\user\usart.c BROWSE INCDIR(..\code;..\user) DEBUG OBJECTEXTEND PRINT(.\u
                    -sart.lst) OBJECT(..\obj\usart.obj)

line level    source

   1          /***************************飞音云电子****************************
   2          **  工程名称：YS-V0.7语音识别模块驱动程序
   3          **      CPU: STC11L08XE
   4          **      晶振：22.1184MHZ
   5          **      波特率：9600 bit/S
   6          **      配套产品信息：YS-V0.7语音识别开发板
   7          **                http://yuesheng001.taobao.com
   8          **  作者：zdings
   9          **  联系：751956552@qq.com
  10          **  修改日期：2013.9.13
  11          **  说明：口令模式： 即每次识别时都需要说“小杰”这个口令 ，才能够进行下一级的识别
  12          /***************************飞音云电子******************************/
  13          #include "config.h"
  14          #define FOSC 22118400L      //System frequency
  15          uint32_t baud=0xB8;   //0x70->4800,0xB8->9600,0xDC->19200,0xF4->57600,0xFA->115200         //UART baudrate
  16          /************************************************************************
  17          函 数 名： 串口初始化
  18          功能描述： STC10L08XE 单片机串口初始化函数
  19          返回函数： none
  20          其他说明： none
  21          **************************************************************************/
  22          void UartIni(void)
  23          {
  24   1              PCON &= 0x7F;           //波特率不倍速
  25   1              SCON = 0x50;            //8位数据,可变波特率
  26   1              AUXR |= 0x40;           //定时器1时钟为Fosc,即1T
  27   1              AUXR &= 0xFE;           //串口1选择定时器1为波特率发生器
  28   1              TMOD &= 0x0F;           //清除定时器1模式位
  29   1              TMOD |= 0x20;           //设定定时器1为8位自动重装方式
  30   1              TL1 = baud;             //设定定时初值
  31   1              TH1 = baud;             //设定定时器重装值
  32   1              ET1 = 0;                //禁止定时器1中断
  33   1              TR1 = 1;                //启动定时器1
  34   1      
  35   1      
  36   1      }
  37          /***********************************************************
  38          * 名    称： 
  39          * 功    能： 
  40          * 入口参数： 无 
  41          * 出口参数：无
  42          * 说    明：                                     
  43          **********************************************************/
  44          void Uart_Isr() interrupt 4 using 1
  45          {       
  46   1              if(RI)
  47   1              {       
  48   2                        
  49   2              }
  50   1      
  51   1      }
  52          /************************************************************************
  53          功能描述：      串口发送一字节数据
  54          入口参数：      DAT:带发送的数据
C51 COMPILER V9.00   USART                                                                 04/11/2019 10:41:50 PAGE 2   

  55          返 回 值：      none
  56          其他说明：      none
  57          **************************************************************************/
  58          void UARTSendByte(uint8_t DAT)
  59          {
  60   1              ES  =  0;
  61   1              TI=0;
  62   1              SBUF = DAT;
  63   1              while(TI==0);
  64   1              TI=0;
  65   1              ES = 1;
  66   1      }
  67          /************************************************************************
  68          功能描述： 串口发送字符串数据
  69          入口参数：      *DAT：字符串指针
  70          返 回 值： none
  71          其他说明： API 供外部使用，直观！
  72          **************************************************************************/
  73          void PrintCom(uint8_t *DAT)
  74          {
  75   1              while(*DAT)
  76   1              {
  77   2                      UARTSendByte(*DAT++);
  78   2              }       
  79   1      }
  80          


MODULE INFORMATION:   STATIC OVERLAYABLE
   CODE SIZE        =     81    ----
   CONSTANT SIZE    =   ----    ----
   XDATA SIZE       =   ----    ----
   PDATA SIZE       =   ----    ----
   DATA SIZE        =      2       3
   IDATA SIZE       =   ----    ----
   BIT SIZE         =   ----    ----
END OF MODULE INFORMATION.


C51 COMPILATION COMPLETE.  0 WARNING(S),  0 ERROR(S)
